[2026-03-10T23:44:29.146+0000] {processor.py:161} INFO - Started process (PID=87) to work on /opt/airflow/dags/airflow.py
[2026-03-10T23:44:29.148+0000] {processor.py:830} INFO - Processing file /opt/airflow/dags/airflow.py for tasks to queue
[2026-03-10T23:44:29.149+0000] {logging_mixin.py:188} INFO - [2026-03-10T23:44:29.149+0000] {dagbag.py:545} INFO - Filling up the DagBag from /opt/airflow/dags/airflow.py
[2026-03-10T23:44:30.956+0000] {processor.py:840} INFO - DAG(s) 'customer_segmentation_dashboard_lab' retrieved from /opt/airflow/dags/airflow.py
[2026-03-10T23:44:31.134+0000] {logging_mixin.py:188} INFO - [2026-03-10T23:44:31.134+0000] {override.py:1829} INFO - Created Permission View: can read on DAG:customer_segmentation_dashboard_lab
[2026-03-10T23:44:31.148+0000] {logging_mixin.py:188} INFO - [2026-03-10T23:44:31.148+0000] {override.py:1829} INFO - Created Permission View: can edit on DAG:customer_segmentation_dashboard_lab
[2026-03-10T23:44:31.151+0000] {logging_mixin.py:188} INFO - [2026-03-10T23:44:31.151+0000] {override.py:1829} INFO - Created Permission View: can delete on DAG:customer_segmentation_dashboard_lab
[2026-03-10T23:44:31.151+0000] {logging_mixin.py:188} INFO - [2026-03-10T23:44:31.151+0000] {dag.py:3096} INFO - Sync 1 DAGs
[2026-03-10T23:44:31.157+0000] {logging_mixin.py:188} INFO - [2026-03-10T23:44:31.157+0000] {dag.py:3118} INFO - Creating ORM DAG for customer_segmentation_dashboard_lab
[2026-03-10T23:44:31.158+0000] {logging_mixin.py:188} INFO - [2026-03-10T23:44:31.158+0000] {dag.py:3954} INFO - Setting next_dagrun for customer_segmentation_dashboard_lab to None, run_after=None
[2026-03-10T23:44:31.170+0000] {processor.py:183} INFO - Processing /opt/airflow/dags/airflow.py took 2.028 seconds
[2026-03-10T23:45:01.392+0000] {processor.py:161} INFO - Started process (PID=103) to work on /opt/airflow/dags/airflow.py
[2026-03-10T23:45:01.393+0000] {processor.py:830} INFO - Processing file /opt/airflow/dags/airflow.py for tasks to queue
[2026-03-10T23:45:01.394+0000] {logging_mixin.py:188} INFO - [2026-03-10T23:45:01.394+0000] {dagbag.py:545} INFO - Filling up the DagBag from /opt/airflow/dags/airflow.py
[2026-03-10T23:45:02.361+0000] {processor.py:840} INFO - DAG(s) 'customer_segmentation_dashboard_lab' retrieved from /opt/airflow/dags/airflow.py
[2026-03-10T23:45:02.378+0000] {logging_mixin.py:188} INFO - [2026-03-10T23:45:02.378+0000] {dag.py:3096} INFO - Sync 1 DAGs
[2026-03-10T23:45:02.386+0000] {logging_mixin.py:188} INFO - [2026-03-10T23:45:02.385+0000] {dag.py:3954} INFO - Setting next_dagrun for customer_segmentation_dashboard_lab to None, run_after=None
[2026-03-10T23:45:02.396+0000] {processor.py:183} INFO - Processing /opt/airflow/dags/airflow.py took 1.009 seconds
[2026-03-10T23:45:32.616+0000] {processor.py:161} INFO - Started process (PID=119) to work on /opt/airflow/dags/airflow.py
[2026-03-10T23:45:32.617+0000] {processor.py:830} INFO - Processing file /opt/airflow/dags/airflow.py for tasks to queue
[2026-03-10T23:45:32.619+0000] {logging_mixin.py:188} INFO - [2026-03-10T23:45:32.619+0000] {dagbag.py:545} INFO - Filling up the DagBag from /opt/airflow/dags/airflow.py
[2026-03-10T23:45:33.598+0000] {processor.py:840} INFO - DAG(s) 'customer_segmentation_dashboard_lab' retrieved from /opt/airflow/dags/airflow.py
[2026-03-10T23:45:33.617+0000] {logging_mixin.py:188} INFO - [2026-03-10T23:45:33.617+0000] {dag.py:3096} INFO - Sync 1 DAGs
[2026-03-10T23:45:33.624+0000] {logging_mixin.py:188} INFO - [2026-03-10T23:45:33.623+0000] {dag.py:3954} INFO - Setting next_dagrun for customer_segmentation_dashboard_lab to None, run_after=None
[2026-03-10T23:45:33.633+0000] {processor.py:183} INFO - Processing /opt/airflow/dags/airflow.py took 1.021 seconds
[2026-03-10T23:46:03.835+0000] {processor.py:161} INFO - Started process (PID=135) to work on /opt/airflow/dags/airflow.py
[2026-03-10T23:46:03.835+0000] {processor.py:830} INFO - Processing file /opt/airflow/dags/airflow.py for tasks to queue
[2026-03-10T23:46:03.836+0000] {logging_mixin.py:188} INFO - [2026-03-10T23:46:03.836+0000] {dagbag.py:545} INFO - Filling up the DagBag from /opt/airflow/dags/airflow.py
[2026-03-10T23:46:05.010+0000] {processor.py:840} INFO - DAG(s) 'customer_segmentation_dashboard_lab' retrieved from /opt/airflow/dags/airflow.py
[2026-03-10T23:46:05.028+0000] {logging_mixin.py:188} INFO - [2026-03-10T23:46:05.028+0000] {dag.py:3096} INFO - Sync 1 DAGs
[2026-03-10T23:46:05.040+0000] {logging_mixin.py:188} INFO - [2026-03-10T23:46:05.040+0000] {dag.py:3954} INFO - Setting next_dagrun for customer_segmentation_dashboard_lab to None, run_after=None
[2026-03-10T23:46:05.084+0000] {processor.py:183} INFO - Processing /opt/airflow/dags/airflow.py took 1.261 seconds
[2026-03-10T23:46:35.286+0000] {processor.py:161} INFO - Started process (PID=151) to work on /opt/airflow/dags/airflow.py
[2026-03-10T23:46:35.288+0000] {processor.py:830} INFO - Processing file /opt/airflow/dags/airflow.py for tasks to queue
[2026-03-10T23:46:35.290+0000] {logging_mixin.py:188} INFO - [2026-03-10T23:46:35.289+0000] {dagbag.py:545} INFO - Filling up the DagBag from /opt/airflow/dags/airflow.py
[2026-03-10T23:46:36.318+0000] {processor.py:840} INFO - DAG(s) 'customer_segmentation_dashboard_lab' retrieved from /opt/airflow/dags/airflow.py
[2026-03-10T23:46:36.347+0000] {logging_mixin.py:188} INFO - [2026-03-10T23:46:36.346+0000] {dag.py:3096} INFO - Sync 1 DAGs
[2026-03-10T23:46:36.353+0000] {logging_mixin.py:188} INFO - [2026-03-10T23:46:36.353+0000] {dag.py:3954} INFO - Setting next_dagrun for customer_segmentation_dashboard_lab to None, run_after=None
[2026-03-10T23:46:36.363+0000] {processor.py:183} INFO - Processing /opt/airflow/dags/airflow.py took 1.083 seconds
[2026-03-10T23:47:06.560+0000] {processor.py:161} INFO - Started process (PID=167) to work on /opt/airflow/dags/airflow.py
[2026-03-10T23:47:06.561+0000] {processor.py:830} INFO - Processing file /opt/airflow/dags/airflow.py for tasks to queue
[2026-03-10T23:47:06.563+0000] {logging_mixin.py:188} INFO - [2026-03-10T23:47:06.562+0000] {dagbag.py:545} INFO - Filling up the DagBag from /opt/airflow/dags/airflow.py
[2026-03-10T23:47:07.454+0000] {processor.py:840} INFO - DAG(s) 'customer_segmentation_dashboard_lab' retrieved from /opt/airflow/dags/airflow.py
[2026-03-10T23:47:07.471+0000] {logging_mixin.py:188} INFO - [2026-03-10T23:47:07.471+0000] {dag.py:3096} INFO - Sync 1 DAGs
[2026-03-10T23:47:07.478+0000] {logging_mixin.py:188} INFO - [2026-03-10T23:47:07.478+0000] {dag.py:3954} INFO - Setting next_dagrun for customer_segmentation_dashboard_lab to None, run_after=None
[2026-03-10T23:47:07.488+0000] {processor.py:183} INFO - Processing /opt/airflow/dags/airflow.py took 0.933 seconds
