[2026-03-10T23:44:29.093+0000] {manager.py:470} INFO - Processing files using up to 2 processes at a time 
[2026-03-10T23:44:29.094+0000] {manager.py:471} INFO - Process each file at most once every 30 seconds
[2026-03-10T23:44:29.094+0000] {manager.py:472} INFO - Checking for new files in /opt/airflow/dags every 300 seconds
[2026-03-10T23:44:29.095+0000] {manager.py:737} INFO - Searching for files in /opt/airflow/dags
[2026-03-10T23:44:29.104+0000] {manager.py:740} INFO - There are 1 files in /opt/airflow/dags
[2026-03-10T23:44:29.172+0000] {manager.py:878} INFO - 
================================================================================
DAG File Processing Stats

File Path                       PID  Runtime      # DAGs    # Errors  Last Runtime    Last Run
----------------------------  -----  ---------  --------  ----------  --------------  ----------
/opt/airflow/dags/airflow.py     87  0.04s             0           0
================================================================================
[2026-03-10T23:44:59.362+0000] {manager.py:878} INFO - 
================================================================================
DAG File Processing Stats

File Path                     PID    Runtime      # DAGs    # Errors  Last Runtime    Last Run
----------------------------  -----  ---------  --------  ----------  --------------  -------------------
/opt/airflow/dags/airflow.py                           1           0  2.05s           2026-03-10T23:44:31
================================================================================
[2026-03-10T23:45:29.584+0000] {manager.py:878} INFO - 
================================================================================
DAG File Processing Stats

File Path                     PID    Runtime      # DAGs    # Errors  Last Runtime    Last Run
----------------------------  -----  ---------  --------  ----------  --------------  -------------------
/opt/airflow/dags/airflow.py                           1           0  1.02s           2026-03-10T23:45:02
================================================================================
[2026-03-10T23:45:59.780+0000] {manager.py:878} INFO - 
================================================================================
DAG File Processing Stats

File Path                     PID    Runtime      # DAGs    # Errors  Last Runtime    Last Run
----------------------------  -----  ---------  --------  ----------  --------------  -------------------
/opt/airflow/dags/airflow.py                           1           0  1.04s           2026-03-10T23:45:33
================================================================================
[2026-03-10T23:46:29.919+0000] {manager.py:878} INFO - 
================================================================================
DAG File Processing Stats

File Path                     PID    Runtime      # DAGs    # Errors  Last Runtime    Last Run
----------------------------  -----  ---------  --------  ----------  --------------  -------------------
/opt/airflow/dags/airflow.py                           1           0  1.30s           2026-03-10T23:46:05
================================================================================
[2026-03-10T23:47:00.485+0000] {manager.py:878} INFO - 
================================================================================
DAG File Processing Stats

File Path                     PID    Runtime      # DAGs    # Errors  Last Runtime    Last Run
----------------------------  -----  ---------  --------  ----------  --------------  -------------------
/opt/airflow/dags/airflow.py                           1           0  1.11s           2026-03-10T23:46:36
================================================================================
[2026-03-10T23:47:15.224+0000] {manager.py:452} INFO - Exiting gracefully upon receiving signal 15
